Dissolved Oxygen                 Scripps Inst of Oceanography
Date: 11-Jan-2018   Julian Day:  12     Chemist: tib016
Ship:       R/V Investigator
Expedition: in2018_v01

N(20)IO3: 0.0125316 Vol(20):  9.99857  Titer (at 20 C): 0.56429  Blk:  0.00052
IO3 measured at 21.2 C.  Thio (20C) 0.22225 N.  Thio temp at stdize: 21.5 C.
O2 Box 00101.  Raw data filename: in2018_oxy001

Sta Cst Bot O2  Flask    Raw     Titer     O2   Thio Draw End   Titr    Comments
 ID  ID ID Flsk  Vol    Titer   (20 C)    ml/l  Temp Temp Volts Time
0001 01 01 0115 145.47  0.66303  0.66284  5.732 21.4 11.9 2.212 160104
0001 01 05 0116 146.09  0.66125  0.66103  5.691 21.6 12.1 2.240 160359
0001 01 09 0122 146.27  0.65828  0.65805  5.659 21.7 12.4 2.212 160558
0001 01 14 0136 145.68  0.64827  0.64802  5.595 21.9 12.7 2.205 160827
0001 01 18 0137 144.16  0.63815  0.63789  5.566 22.0 13.7 2.227 161028
0001 01 21 0140 142.73  0.63056  0.63031  5.556 21.9 13.8 2.189 161229
0001 01 25 0141 146.14  0.66240  0.66216  5.699 21.8 14.4 2.192 161423
0001 01 29 0143 145.25  0.69261  0.69238  5.997 21.6 15.6 2.197 161622
0001 01 33 0144 146.25  0.68110  0.68087  5.856 21.7 16.3 2.208 161824
0002 01 01 0279 139.45  0.60292  0.60270  5.438 21.8  9.6 2.201 162129
0002 01 04 0280 142.74  0.62411  0.62386  5.498 21.9  9.7 2.167 162329
0002 01 07 0281 138.74  0.62999  0.62973  5.713 22.0 10.1 2.176 162547
0002 01 11 0282 139.01  0.64075  0.64047  5.799 22.1 10.3 2.179 162737
0002 01 15 0283 142.68  0.65320  0.65293  5.758 22.0 10.8 2.181 162946
0002 01 19 0284 140.99  0.63746  0.63719  5.687 22.0 11.4 2.171 163139
0002 01 23 0300 141.34  0.67284  0.67256  5.989 22.0 11.9 2.188 163522
0002 01 27 0301 144.67  0.68076  0.68049  5.918 21.9 12.4 2.201 163844
0002 01 29 0302 144.14  0.68201  0.68171  5.951 22.1 13.6 2.183 164050
0002 01 31 0303 145.25  0.70452  0.70419  6.100 22.2 14.4 2.177 164405
0002 01 35 0304 141.77  0.68802  0.68769  6.105 22.3 15.3 2.182 164642
