Dissolved Oxygen                 Scripps Inst of Oceanography
Date: 11-Jan-2018   Julian Day:  12     Chemist: tib016
Ship:       R/V Investigator
Expedition: in2018_v01

N(20)IO3: 0.0125316 Vol(20):  9.99857  Titer (at 20 C): 0.56429  Blk:  0.00052
IO3 measured at 21.2 C.  Thio (20C) 0.22225 N.  Thio temp at stdize: 21.5 C.
O2 Box 00301.  Raw data filename: in2018_oxy002

Sta Cst Bot O2  Flask    Raw     Titer     O2   Thio Draw End   Titr    Comments
 ID  ID ID Flsk  Vol    Titer   (20 C)    ml/l  Temp Temp Volts Time
0003 01 01 0331 142.06  0.45845  0.45826  4.054 22.1  6.6 2.298 191257
0003 01 04 0332 142.65  0.47076  0.47056  4.146 22.0  6.8 2.294 191455
0003 01 05 0333 145.90  0.49369  0.49350  4.251 21.9  7.3 2.324 191654
0003 01 07 0334 141.86  0.50577  0.50557  4.481 21.8  8.2 2.307 191855
0003 01 09 0335 143.58  0.52652  0.52631  4.608 21.9  9.1 2.332 192059
0003 01 11 0336 140.32  0.54640  0.54618  4.896 22.0  9.5 2.270 192253
0003 01 13 0337 144.03  0.64018  0.63991  5.589 22.0  9.9 2.261 192450
0003 01 17 0338 142.41  0.64322  0.64294  5.680 22.1 11.1 2.284 192657
0003 01 21 0339 142.21  0.64220  0.64190  5.679 22.2 12.6 2.293 192854
0003 01 25 0341 145.43  0.65748  0.65718  5.684 22.2 13.4 2.279 193050
0003 01 27 0342 143.25  0.66588  0.66558  5.846 22.2 14.4 2.278 193251
0003 01 29 0343 143.49  0.68138  0.68109  5.972 22.1 14.5 2.280 193450
0003 01 31 0344 143.88  0.69336  0.69308  6.061 21.9 14.9 2.289 193649
0003 01 34 0345 144.57  0.69185  0.69157  6.018 21.9 15.1 2.298 193902
